TN:
SF:src/api/Login.ts
FN:3,LoginAPI
FNF:1
FNH:1
FNDA:1,LoginAPI
DA:1,1
DA:2,1
DA:3,1
DA:4,1
DA:5,1
DA:6,1
DA:7,1
DA:8,1
DA:9,1
DA:10,1
DA:11,1
DA:12,1
LF:12
LH:12
BRDA:3,0,0,1
BRF:1
BRH:1
end_of_record
TN:
SF:src/pages/mui/SignIn.tsx
FN:20,Copyright
FN:48,MUISignIn
FN:52,onSubmit
FNF:3
FNH:3
FNDA:12,Copyright
FNDA:12,MUISignIn
FNDA:1,onSubmit
DA:1,1
DA:2,1
DA:3,1
DA:4,1
DA:5,1
DA:6,1
DA:7,1
DA:8,1
DA:9,1
DA:10,1
DA:11,1
DA:12,1
DA:13,1
DA:14,1
DA:15,1
DA:16,1
DA:17,1
DA:18,1
DA:19,1
DA:20,12
DA:21,12
DA:22,12
DA:23,12
DA:24,12
DA:25,12
DA:26,12
DA:27,12
DA:28,12
DA:29,12
DA:30,12
DA:31,12
DA:32,1
DA:33,1
DA:34,1
DA:35,1
DA:36,1
DA:37,1
DA:38,1
DA:39,1
DA:40,1
DA:41,1
DA:42,1
DA:43,1
DA:44,1
DA:45,1
DA:46,1
DA:47,1
DA:48,12
DA:49,12
DA:50,12
DA:51,12
DA:52,12
DA:53,1
DA:54,1
DA:55,1
DA:56,0
DA:57,0
DA:58,12
DA:59,12
DA:60,12
DA:61,12
DA:62,12
DA:63,12
DA:64,12
DA:65,12
DA:66,12
DA:67,12
DA:68,12
DA:69,12
DA:70,12
DA:71,12
DA:72,12
DA:73,12
DA:74,12
DA:75,12
DA:76,12
DA:77,12
DA:78,12
DA:79,12
DA:80,12
DA:81,12
DA:82,12
DA:83,12
DA:84,12
DA:85,12
DA:86,12
DA:87,12
DA:88,12
DA:89,12
DA:90,12
DA:91,12
DA:92,12
DA:93,12
DA:94,12
DA:95,12
DA:96,12
DA:97,12
DA:98,12
DA:99,12
DA:100,12
DA:101,12
DA:102,12
DA:103,12
DA:104,12
DA:105,12
DA:106,12
DA:107,12
DA:108,12
DA:109,12
DA:110,12
DA:111,12
DA:112,12
DA:113,12
DA:114,12
DA:115,12
DA:116,12
DA:117,12
DA:118,12
DA:119,12
DA:120,12
DA:121,12
DA:122,12
DA:123,12
DA:124,12
DA:125,12
DA:126,12
DA:127,12
DA:128,12
DA:129,12
DA:130,12
DA:131,12
DA:132,12
DA:133,12
DA:134,12
DA:135,12
LF:135
LH:133
BRDA:20,0,0,12
BRDA:48,1,0,12
BRDA:90,2,0,4
BRDA:102,3,0,4
BRDA:52,4,0,1
BRDA:55,5,0,0
BRF:6
BRH:5
end_of_record
TN:
SF:src/test/Helper/RenderHelper.tsx
FN:6,appRenderer
FNF:1
FNH:1
FNDA:7,appRenderer
DA:1,1
DA:2,1
DA:3,1
DA:4,1
DA:5,1
DA:6,1
DA:7,7
DA:8,0
DA:9,0
DA:10,7
DA:11,7
DA:12,7
DA:13,7
DA:14,7
DA:15,7
DA:16,7
DA:17,7
LF:17
LH:15
BRDA:6,0,0,7
BRDA:7,1,0,0
BRF:2
BRH:1
end_of_record
